c:\users\weishoufeng\desktop\code\pacman\新建文件夹\pacman\pacman\debug\pacman.pch
c:\users\weishoufeng\desktop\code\pacman\新建文件夹\pacman\pacman\debug\vc141.pdb
c:\users\weishoufeng\desktop\code\pacman\新建文件夹\pacman\pacman\debug\vc141.idb
c:\users\weishoufeng\desktop\code\pacman\新建文件夹\pacman\pacman\debug\stdafx.obj
c:\users\weishoufeng\desktop\code\pacman\新建文件夹\pacman\pacman\debug\pacman.obj
c:\users\weishoufeng\desktop\code\pacman\新建文件夹\pacman\pacman\debug\pacman.res
c:\users\weishoufeng\desktop\code\pacman\新建文件夹\pacman\debug\pacman.pdb
c:\users\weishoufeng\desktop\code\pacman\新建文件夹\pacman\pacman\debug\pacman.tlog\cl.command.1.tlog
c:\users\weishoufeng\desktop\code\pacman\新建文件夹\pacman\pacman\debug\pacman.tlog\cl.read.1.tlog
c:\users\weishoufeng\desktop\code\pacman\新建文件夹\pacman\pacman\debug\pacman.tlog\cl.write.1.tlog
c:\users\weishoufeng\desktop\code\pacman\新建文件夹\pacman\pacman\debug\pacman.tlog\link-cvtres.read.1.tlog
c:\users\weishoufeng\desktop\code\pacman\新建文件夹\pacman\pacman\debug\pacman.tlog\link-cvtres.write.1.tlog
c:\users\weishoufeng\desktop\code\pacman\新建文件夹\pacman\pacman\debug\pacman.tlog\link-rc.read.1.tlog
c:\users\weishoufeng\desktop\code\pacman\新建文件夹\pacman\pacman\debug\pacman.tlog\link-rc.write.1.tlog
c:\users\weishoufeng\desktop\code\pacman\新建文件夹\pacman\pacman\debug\pacman.tlog\link.command.1.tlog
c:\users\weishoufeng\desktop\code\pacman\新建文件夹\pacman\pacman\debug\pacman.tlog\link.read.1.tlog
c:\users\weishoufeng\desktop\code\pacman\新建文件夹\pacman\pacman\debug\pacman.tlog\link.write.1.tlog
c:\users\weishoufeng\desktop\code\pacman\新建文件夹\pacman\pacman\debug\pacman.tlog\rc.command.1.tlog
c:\users\weishoufeng\desktop\code\pacman\新建文件夹\pacman\pacman\debug\pacman.tlog\rc.read.1.tlog
c:\users\weishoufeng\desktop\code\pacman\新建文件夹\pacman\pacman\debug\pacman.tlog\rc.write.1.tlog
